ARM GAS  C:\Users\KULDEE~1\AppData\Local\Temp\ccePZykh.s 			page 1


   1              		.syntax unified
   2              		.cpu cortex-m3
   3              		.fpu softvfp
   4              		.eabi_attribute 20, 1
   5              		.eabi_attribute 21, 1
   6              		.eabi_attribute 23, 3
   7              		.eabi_attribute 24, 1
   8              		.eabi_attribute 25, 1
   9              		.eabi_attribute 26, 1
  10              		.eabi_attribute 30, 1
  11              		.eabi_attribute 34, 1
  12              		.eabi_attribute 18, 4
  13              		.thumb
  14              		.syntax unified
  15              		.file	"cymetadata.c"
  16              		.text
  17              	.Ltext0:
  18              		.cfi_sections	.debug_frame
  19              		.global	cy_metadata
  20              		.global	cy_meta_flashprotect
  21              		.global	cy_meta_wonvl
  22              		.global	cy_meta_custnvl
  23              		.global	cy_meta_configecc
  24              		.section	.cyconfigecc,"a",%progbits
  25              		.align	2
  26              		.type	cy_meta_configecc, %object
  27              		.size	cy_meta_configecc, 140
  28              	cy_meta_configecc:
  29 0000 01       		.byte	1
  30 0001 45       		.byte	69
  31 0002 00       		.byte	0
  32 0003 40       		.byte	64
  33 0004 01       		.byte	1
  34 0005 52       		.byte	82
  35 0006 00       		.byte	0
  36 0007 40       		.byte	64
  37 0008 02       		.byte	2
  38 0009 17       		.byte	23
  39 000a 01       		.byte	1
  40 000b 40       		.byte	64
  41 000c 02       		.byte	2
  42 000d 19       		.byte	25
  43 000e 01       		.byte	1
  44 000f 40       		.byte	64
  45 0010 03       		.byte	3
  46 0011 40       		.byte	64
  47 0012 01       		.byte	1
  48 0013 40       		.byte	64
  49 0014 03       		.byte	3
  50 0015 41       		.byte	65
  51 0016 01       		.byte	1
  52 0017 40       		.byte	64
  53 0018 03       		.byte	3
  54 0019 42       		.byte	66
  55 001a 01       		.byte	1
  56 001b 40       		.byte	64
  57 001c 03       		.byte	3
ARM GAS  C:\Users\KULDEE~1\AppData\Local\Temp\ccePZykh.s 			page 2


  58 001d 43       		.byte	67
  59 001e 01       		.byte	1
  60 001f 40       		.byte	64
  61 0020 04       		.byte	4
  62 0021 47       		.byte	71
  63 0022 01       		.byte	1
  64 0023 40       		.byte	64
  65 0024 04       		.byte	4
  66 0025 48       		.byte	72
  67 0026 01       		.byte	1
  68 0027 40       		.byte	64
  69 0028 02       		.byte	2
  70 0029 4C       		.byte	76
  71 002a 01       		.byte	1
  72 002b 40       		.byte	64
  73 002c 01       		.byte	1
  74 002d 51       		.byte	81
  75 002e 01       		.byte	1
  76 002f 40       		.byte	64
  77 0030 7E       		.byte	126
  78 0031 02       		.byte	2
  79 0032 7C       		.byte	124
  80 0033 40       		.byte	64
  81 0034 EA       		.byte	-22
  82 0035 02       		.byte	2
  83 0036 EE       		.byte	-18
  84 0037 0A       		.byte	10
  85 0038 EA       		.byte	-22
  86 0039 02       		.byte	2
  87 003a EE       		.byte	-18
  88 003b 0A       		.byte	10
  89 003c 33       		.byte	51
  90 003d 81       		.byte	-127
  91 003e 36       		.byte	54
  92 003f 40       		.byte	64
  93 0040 CC       		.byte	-52
  94 0041 70       		.byte	112
  95 0042 9F       		.byte	-97
  96 0043 01       		.byte	1
  97 0044 A6       		.byte	-90
  98 0045 40       		.byte	64
  99 0046 A7       		.byte	-89
 100 0047 80       		.byte	-128
 101 0048 9F       		.byte	-97
 102 0049 01       		.byte	1
 103 004a A6       		.byte	-90
 104 004b 40       		.byte	64
 105 004c A7       		.byte	-89
 106 004d 80       		.byte	-128
 107 004e 9F       		.byte	-97
 108 004f 01       		.byte	1
 109 0050 A6       		.byte	-90
 110 0051 40       		.byte	64
 111 0052 A7       		.byte	-89
 112 0053 80       		.byte	-128
 113 0054 08       		.byte	8
 114 0055 08       		.byte	8
ARM GAS  C:\Users\KULDEE~1\AppData\Local\Temp\ccePZykh.s 			page 3


 115 0056 0B       		.byte	11
 116 0057 04       		.byte	4
 117 0058 0F       		.byte	15
 118 0059 40       		.byte	64
 119 005a C2       		.byte	-62
 120 005b 0E       		.byte	14
 121 005c AE       		.byte	-82
 122 005d 40       		.byte	64
 123 005e AF       		.byte	-81
 124 005f 81       		.byte	-127
 125 0060 EA       		.byte	-22
 126 0061 40       		.byte	64
 127 0062 EE       		.byte	-18
 128 0063 50       		.byte	80
 129 0064 AC       		.byte	-84
 130 0065 08       		.byte	8
 131 0066 AF       		.byte	-81
 132 0067 44       		.byte	68
 133 0068 00       		.byte	0
 134 0069 2A       		.byte	42
 135 006a 00       		.byte	0
 136 006b 00       		.byte	0
 137 006c 60       		.byte	96
 138 006d 00       		.byte	0
 139 006e 20       		.byte	32
 140 006f 20       		.byte	32
 141 0070 20       		.byte	32
 142 0071 00       		.byte	0
 143 0072 00       		.byte	0
 144 0073 00       		.byte	0
 145 0074 C0       		.byte	-64
 146 0075 00       		.byte	0
 147 0076 00       		.byte	0
 148 0077 00       		.byte	0
 149 0078 00       		.byte	0
 150 0079 0B       		.byte	11
 151 007a 0B       		.byte	11
 152 007b 00       		.byte	0
 153 007c 00       		.byte	0
 154 007d 00       		.byte	0
 155 007e 00       		.byte	0
 156 007f 00       		.byte	0
 157 0080 02       		.byte	2
 158 0081 00       		.byte	0
 159 0082 02       		.byte	2
 160 0083 0A       		.byte	10
 161 0084 0A       		.byte	10
 162 0085 00       		.byte	0
 163 0086 00       		.byte	0
 164 0087 00       		.byte	0
 165 0088 00       		.byte	0
 166 0089 00       		.byte	0
 167 008a 00       		.byte	0
 168 008b 00       		.byte	0
 169              		.section	.cywolatch,"a",%progbits
 170              		.align	2
 171              		.type	cy_meta_wonvl, %object
ARM GAS  C:\Users\KULDEE~1\AppData\Local\Temp\ccePZykh.s 			page 4


 172              		.size	cy_meta_wonvl, 4
 173              	cy_meta_wonvl:
 174 0000 BC       		.byte	-68
 175 0001 90       		.byte	-112
 176 0002 AC       		.byte	-84
 177 0003 AF       		.byte	-81
 178              		.section	.cycustnvl,"a",%progbits
 179              		.align	2
 180              		.type	cy_meta_custnvl, %object
 181              		.size	cy_meta_custnvl, 4
 182              	cy_meta_custnvl:
 183 0000 00       		.byte	0
 184 0001 00       		.byte	0
 185 0002 40       		.byte	64
 186 0003 05       		.byte	5
 187              		.section	.cymeta,"a",%progbits
 188              		.align	2
 189              		.type	cy_metadata, %object
 190              		.size	cy_metadata, 12
 191              	cy_metadata:
 192 0000 00       		.byte	0
 193 0001 01       		.byte	1
 194 0002 2E       		.byte	46
 195 0003 12       		.byte	18
 196 0004 30       		.byte	48
 197 0005 69       		.byte	105
 198 0006 00       		.byte	0
 199 0007 01       		.byte	1
 200 0008 00       		.byte	0
 201 0009 00       		.byte	0
 202 000a 00       		.byte	0
 203 000b 00       		.byte	0
 204              		.section	.cyflashprotect,"a",%progbits
 205              		.align	2
 206              		.type	cy_meta_flashprotect, %object
 207              		.size	cy_meta_flashprotect, 256
 208              	cy_meta_flashprotect:
 209 0000 00000000 		.space	256
 209      00000000 
 209      00000000 
 209      00000000 
 209      00000000 
 210              		.text
 211              	.Letext0:
 212              		.file 1 "c:\\program files (x86)\\cypress\\psoc creator\\4.4\\psoc creator\\import\\gnu\\arm\\5.4.
 213              		.file 2 "c:\\program files (x86)\\cypress\\psoc creator\\4.4\\psoc creator\\import\\gnu\\arm\\5.4.
 214              		.file 3 "Generated_Source\\PSoC5\\cymetadata.c"
 215              		.section	.debug_info,"",%progbits
 216              	.Ldebug_info0:
 217 0000 30010000 		.4byte	0x130
 218 0004 0400     		.2byte	0x4
 219 0006 00000000 		.4byte	.Ldebug_abbrev0
 220 000a 04       		.byte	0x4
 221 000b 01       		.uleb128 0x1
 222 000c 3B000000 		.4byte	.LASF17
 223 0010 0C       		.byte	0xc
 224 0011 D5010000 		.4byte	.LASF18
ARM GAS  C:\Users\KULDEE~1\AppData\Local\Temp\ccePZykh.s 			page 5


 225 0015 1D010000 		.4byte	.LASF19
 226 0019 00000000 		.4byte	.Ldebug_line0
 227 001d 02       		.uleb128 0x2
 228 001e 01       		.byte	0x1
 229 001f 06       		.byte	0x6
 230 0020 C9010000 		.4byte	.LASF0
 231 0024 03       		.uleb128 0x3
 232 0025 00000000 		.4byte	.LASF9
 233 0029 01       		.byte	0x1
 234 002a 1D       		.byte	0x1d
 235 002b 2F000000 		.4byte	0x2f
 236 002f 02       		.uleb128 0x2
 237 0030 01       		.byte	0x1
 238 0031 08       		.byte	0x8
 239 0032 2D000000 		.4byte	.LASF1
 240 0036 02       		.uleb128 0x2
 241 0037 02       		.byte	0x2
 242 0038 05       		.byte	0x5
 243 0039 B6010000 		.4byte	.LASF2
 244 003d 02       		.uleb128 0x2
 245 003e 02       		.byte	0x2
 246 003f 07       		.byte	0x7
 247 0040 DB000000 		.4byte	.LASF3
 248 0044 02       		.uleb128 0x2
 249 0045 04       		.byte	0x4
 250 0046 05       		.byte	0x5
 251 0047 C0010000 		.4byte	.LASF4
 252 004b 02       		.uleb128 0x2
 253 004c 04       		.byte	0x4
 254 004d 07       		.byte	0x7
 255 004e C9000000 		.4byte	.LASF5
 256 0052 02       		.uleb128 0x2
 257 0053 08       		.byte	0x8
 258 0054 05       		.byte	0x5
 259 0055 A8010000 		.4byte	.LASF6
 260 0059 02       		.uleb128 0x2
 261 005a 08       		.byte	0x8
 262 005b 07       		.byte	0x7
 263 005c 16000000 		.4byte	.LASF7
 264 0060 04       		.uleb128 0x4
 265 0061 04       		.byte	0x4
 266 0062 05       		.byte	0x5
 267 0063 696E7400 		.ascii	"int\000"
 268 0067 02       		.uleb128 0x2
 269 0068 04       		.byte	0x4
 270 0069 07       		.byte	0x7
 271 006a 10010000 		.4byte	.LASF8
 272 006e 03       		.uleb128 0x3
 273 006f 74010000 		.4byte	.LASF10
 274 0073 02       		.byte	0x2
 275 0074 18       		.byte	0x18
 276 0075 24000000 		.4byte	0x24
 277 0079 05       		.uleb128 0x5
 278 007a 90000000 		.4byte	0x90
 279 007e 89000000 		.4byte	0x89
 280 0082 06       		.uleb128 0x6
 281 0083 89000000 		.4byte	0x89
ARM GAS  C:\Users\KULDEE~1\AppData\Local\Temp\ccePZykh.s 			page 6


 282 0087 8B       		.byte	0x8b
 283 0088 00       		.byte	0
 284 0089 02       		.uleb128 0x2
 285 008a 04       		.byte	0x4
 286 008b 07       		.byte	0x7
 287 008c 9F010000 		.4byte	.LASF11
 288 0090 07       		.uleb128 0x7
 289 0091 6E000000 		.4byte	0x6e
 290 0095 08       		.uleb128 0x8
 291 0096 FE000000 		.4byte	.LASF12
 292 009a 03       		.byte	0x3
 293 009b 1F       		.byte	0x1f
 294 009c A6000000 		.4byte	0xa6
 295 00a0 05       		.uleb128 0x5
 296 00a1 03       		.byte	0x3
 297 00a2 00000000 		.4byte	cy_meta_configecc
 298 00a6 07       		.uleb128 0x7
 299 00a7 79000000 		.4byte	0x79
 300 00ab 05       		.uleb128 0x5
 301 00ac 90000000 		.4byte	0x90
 302 00b0 BB000000 		.4byte	0xbb
 303 00b4 06       		.uleb128 0x6
 304 00b5 89000000 		.4byte	0x89
 305 00b9 03       		.byte	0x3
 306 00ba 00       		.byte	0
 307 00bb 08       		.uleb128 0x8
 308 00bc EE000000 		.4byte	.LASF13
 309 00c0 03       		.byte	0x3
 310 00c1 3E       		.byte	0x3e
 311 00c2 CC000000 		.4byte	0xcc
 312 00c6 05       		.uleb128 0x5
 313 00c7 03       		.byte	0x3
 314 00c8 00000000 		.4byte	cy_meta_custnvl
 315 00cc 07       		.uleb128 0x7
 316 00cd AB000000 		.4byte	0xab
 317 00d1 08       		.uleb128 0x8
 318 00d2 91010000 		.4byte	.LASF14
 319 00d6 03       		.byte	0x3
 320 00d7 4C       		.byte	0x4c
 321 00d8 E2000000 		.4byte	0xe2
 322 00dc 05       		.uleb128 0x5
 323 00dd 03       		.byte	0x3
 324 00de 00000000 		.4byte	cy_meta_wonvl
 325 00e2 07       		.uleb128 0x7
 326 00e3 AB000000 		.4byte	0xab
 327 00e7 05       		.uleb128 0x5
 328 00e8 90000000 		.4byte	0x90
 329 00ec F7000000 		.4byte	0xf7
 330 00f0 06       		.uleb128 0x6
 331 00f1 89000000 		.4byte	0x89
 332 00f5 FF       		.byte	0xff
 333 00f6 00       		.byte	0
 334 00f7 08       		.uleb128 0x8
 335 00f8 7C010000 		.4byte	.LASF15
 336 00fc 03       		.byte	0x3
 337 00fd 5A       		.byte	0x5a
 338 00fe 08010000 		.4byte	0x108
ARM GAS  C:\Users\KULDEE~1\AppData\Local\Temp\ccePZykh.s 			page 7


 339 0102 05       		.uleb128 0x5
 340 0103 03       		.byte	0x3
 341 0104 00000000 		.4byte	cy_meta_flashprotect
 342 0108 07       		.uleb128 0x7
 343 0109 E7000000 		.4byte	0xe7
 344 010d 05       		.uleb128 0x5
 345 010e 90000000 		.4byte	0x90
 346 0112 1D010000 		.4byte	0x11d
 347 0116 06       		.uleb128 0x6
 348 0117 89000000 		.4byte	0x89
 349 011b 0B       		.byte	0xb
 350 011c 00       		.byte	0
 351 011d 08       		.uleb128 0x8
 352 011e 0A000000 		.4byte	.LASF16
 353 0122 03       		.byte	0x3
 354 0123 87       		.byte	0x87
 355 0124 2E010000 		.4byte	0x12e
 356 0128 05       		.uleb128 0x5
 357 0129 03       		.byte	0x3
 358 012a 00000000 		.4byte	cy_metadata
 359 012e 07       		.uleb128 0x7
 360 012f 0D010000 		.4byte	0x10d
 361 0133 00       		.byte	0
 362              		.section	.debug_abbrev,"",%progbits
 363              	.Ldebug_abbrev0:
 364 0000 01       		.uleb128 0x1
 365 0001 11       		.uleb128 0x11
 366 0002 01       		.byte	0x1
 367 0003 25       		.uleb128 0x25
 368 0004 0E       		.uleb128 0xe
 369 0005 13       		.uleb128 0x13
 370 0006 0B       		.uleb128 0xb
 371 0007 03       		.uleb128 0x3
 372 0008 0E       		.uleb128 0xe
 373 0009 1B       		.uleb128 0x1b
 374 000a 0E       		.uleb128 0xe
 375 000b 10       		.uleb128 0x10
 376 000c 17       		.uleb128 0x17
 377 000d 00       		.byte	0
 378 000e 00       		.byte	0
 379 000f 02       		.uleb128 0x2
 380 0010 24       		.uleb128 0x24
 381 0011 00       		.byte	0
 382 0012 0B       		.uleb128 0xb
 383 0013 0B       		.uleb128 0xb
 384 0014 3E       		.uleb128 0x3e
 385 0015 0B       		.uleb128 0xb
 386 0016 03       		.uleb128 0x3
 387 0017 0E       		.uleb128 0xe
 388 0018 00       		.byte	0
 389 0019 00       		.byte	0
 390 001a 03       		.uleb128 0x3
 391 001b 16       		.uleb128 0x16
 392 001c 00       		.byte	0
 393 001d 03       		.uleb128 0x3
 394 001e 0E       		.uleb128 0xe
 395 001f 3A       		.uleb128 0x3a
ARM GAS  C:\Users\KULDEE~1\AppData\Local\Temp\ccePZykh.s 			page 8


 396 0020 0B       		.uleb128 0xb
 397 0021 3B       		.uleb128 0x3b
 398 0022 0B       		.uleb128 0xb
 399 0023 49       		.uleb128 0x49
 400 0024 13       		.uleb128 0x13
 401 0025 00       		.byte	0
 402 0026 00       		.byte	0
 403 0027 04       		.uleb128 0x4
 404 0028 24       		.uleb128 0x24
 405 0029 00       		.byte	0
 406 002a 0B       		.uleb128 0xb
 407 002b 0B       		.uleb128 0xb
 408 002c 3E       		.uleb128 0x3e
 409 002d 0B       		.uleb128 0xb
 410 002e 03       		.uleb128 0x3
 411 002f 08       		.uleb128 0x8
 412 0030 00       		.byte	0
 413 0031 00       		.byte	0
 414 0032 05       		.uleb128 0x5
 415 0033 01       		.uleb128 0x1
 416 0034 01       		.byte	0x1
 417 0035 49       		.uleb128 0x49
 418 0036 13       		.uleb128 0x13
 419 0037 01       		.uleb128 0x1
 420 0038 13       		.uleb128 0x13
 421 0039 00       		.byte	0
 422 003a 00       		.byte	0
 423 003b 06       		.uleb128 0x6
 424 003c 21       		.uleb128 0x21
 425 003d 00       		.byte	0
 426 003e 49       		.uleb128 0x49
 427 003f 13       		.uleb128 0x13
 428 0040 2F       		.uleb128 0x2f
 429 0041 0B       		.uleb128 0xb
 430 0042 00       		.byte	0
 431 0043 00       		.byte	0
 432 0044 07       		.uleb128 0x7
 433 0045 26       		.uleb128 0x26
 434 0046 00       		.byte	0
 435 0047 49       		.uleb128 0x49
 436 0048 13       		.uleb128 0x13
 437 0049 00       		.byte	0
 438 004a 00       		.byte	0
 439 004b 08       		.uleb128 0x8
 440 004c 34       		.uleb128 0x34
 441 004d 00       		.byte	0
 442 004e 03       		.uleb128 0x3
 443 004f 0E       		.uleb128 0xe
 444 0050 3A       		.uleb128 0x3a
 445 0051 0B       		.uleb128 0xb
 446 0052 3B       		.uleb128 0x3b
 447 0053 0B       		.uleb128 0xb
 448 0054 49       		.uleb128 0x49
 449 0055 13       		.uleb128 0x13
 450 0056 3F       		.uleb128 0x3f
 451 0057 19       		.uleb128 0x19
 452 0058 02       		.uleb128 0x2
ARM GAS  C:\Users\KULDEE~1\AppData\Local\Temp\ccePZykh.s 			page 9


 453 0059 18       		.uleb128 0x18
 454 005a 00       		.byte	0
 455 005b 00       		.byte	0
 456 005c 00       		.byte	0
 457              		.section	.debug_aranges,"",%progbits
 458 0000 14000000 		.4byte	0x14
 459 0004 0200     		.2byte	0x2
 460 0006 00000000 		.4byte	.Ldebug_info0
 461 000a 04       		.byte	0x4
 462 000b 00       		.byte	0
 463 000c 0000     		.2byte	0
 464 000e 0000     		.2byte	0
 465 0010 00000000 		.4byte	0
 466 0014 00000000 		.4byte	0
 467              		.section	.debug_line,"",%progbits
 468              	.Ldebug_line0:
 469 0000 3D010000 		.section	.debug_str,"MS",%progbits,1
 469      02003701 
 469      00000201 
 469      FB0E0D00 
 469      01010101 
 470              	.LASF9:
 471 0000 5F5F7569 		.ascii	"__uint8_t\000"
 471      6E74385F 
 471      7400
 472              	.LASF16:
 473 000a 63795F6D 		.ascii	"cy_metadata\000"
 473      65746164 
 473      61746100 
 474              	.LASF7:
 475 0016 6C6F6E67 		.ascii	"long long unsigned int\000"
 475      206C6F6E 
 475      6720756E 
 475      7369676E 
 475      65642069 
 476              	.LASF1:
 477 002d 756E7369 		.ascii	"unsigned char\000"
 477      676E6564 
 477      20636861 
 477      7200
 478              	.LASF17:
 479 003b 474E5520 		.ascii	"GNU C11 5.4.1 20160609 (release) [ARM/embedded-5-br"
 479      43313120 
 479      352E342E 
 479      31203230 
 479      31363036 
 480 006e 616E6368 		.ascii	"anch revision 237715] -mcpu=cortex-m3 -mthumb -g -O"
 480      20726576 
 480      6973696F 
 480      6E203233 
 480      37373135 
 481 00a1 67202D66 		.ascii	"g -ffunction-sections -ffat-lto-objects\000"
 481      66756E63 
 481      74696F6E 
 481      2D736563 
 481      74696F6E 
 482              	.LASF5:
ARM GAS  C:\Users\KULDEE~1\AppData\Local\Temp\ccePZykh.s 			page 10


 483 00c9 6C6F6E67 		.ascii	"long unsigned int\000"
 483      20756E73 
 483      69676E65 
 483      6420696E 
 483      7400
 484              	.LASF3:
 485 00db 73686F72 		.ascii	"short unsigned int\000"
 485      7420756E 
 485      7369676E 
 485      65642069 
 485      6E7400
 486              	.LASF13:
 487 00ee 63795F6D 		.ascii	"cy_meta_custnvl\000"
 487      6574615F 
 487      63757374 
 487      6E766C00 
 488              	.LASF12:
 489 00fe 63795F6D 		.ascii	"cy_meta_configecc\000"
 489      6574615F 
 489      636F6E66 
 489      69676563 
 489      6300
 490              	.LASF8:
 491 0110 756E7369 		.ascii	"unsigned int\000"
 491      676E6564 
 491      20696E74 
 491      00
 492              	.LASF19:
 493 011d 433A5C55 		.ascii	"C:\\Users\\kuldeep singh solank\\Documents\\PSoC Cr"
 493      73657273 
 493      5C6B756C 
 493      64656570 
 493      2073696E 
 494 014c 6561746F 		.ascii	"eator\\snake_game\\project_embedded.cydsn\000"
 494      725C736E 
 494      616B655F 
 494      67616D65 
 494      5C70726F 
 495              	.LASF10:
 496 0174 75696E74 		.ascii	"uint8_t\000"
 496      385F7400 
 497              	.LASF15:
 498 017c 63795F6D 		.ascii	"cy_meta_flashprotect\000"
 498      6574615F 
 498      666C6173 
 498      6870726F 
 498      74656374 
 499              	.LASF14:
 500 0191 63795F6D 		.ascii	"cy_meta_wonvl\000"
 500      6574615F 
 500      776F6E76 
 500      6C00
 501              	.LASF11:
 502 019f 73697A65 		.ascii	"sizetype\000"
 502      74797065 
 502      00
 503              	.LASF6:
ARM GAS  C:\Users\KULDEE~1\AppData\Local\Temp\ccePZykh.s 			page 11


 504 01a8 6C6F6E67 		.ascii	"long long int\000"
 504      206C6F6E 
 504      6720696E 
 504      7400
 505              	.LASF2:
 506 01b6 73686F72 		.ascii	"short int\000"
 506      7420696E 
 506      7400
 507              	.LASF4:
 508 01c0 6C6F6E67 		.ascii	"long int\000"
 508      20696E74 
 508      00
 509              	.LASF0:
 510 01c9 7369676E 		.ascii	"signed char\000"
 510      65642063 
 510      68617200 
 511              	.LASF18:
 512 01d5 47656E65 		.ascii	"Generated_Source\\PSoC5\\cymetadata.c\000"
 512      72617465 
 512      645F536F 
 512      75726365 
 512      5C50536F 
 513              		.ident	"GCC: (GNU Tools for ARM Embedded Processors) 5.4.1 20160609 (release) [ARM/embedded-5-bran
