ARM GAS  C:\Users\KULDEE~1\AppData\Local\Temp\ccDM07Wa.s 			page 1


   1              		.syntax unified
   2              		.cpu cortex-m3
   3              		.fpu softvfp
   4              		.eabi_attribute 20, 1
   5              		.eabi_attribute 21, 1
   6              		.eabi_attribute 23, 3
   7              		.eabi_attribute 24, 1
   8              		.eabi_attribute 25, 1
   9              		.eabi_attribute 26, 1
  10              		.eabi_attribute 30, 1
  11              		.eabi_attribute 34, 1
  12              		.eabi_attribute 18, 4
  13              		.thumb
  14              		.syntax unified
  15              		.file	"main.c"
  16              		.text
  17              	.Ltext0:
  18              		.cfi_sections	.debug_frame
  19              		.section	.text.main,"ax",%progbits
  20              		.align	2
  21              		.global	main
  22              		.thumb
  23              		.thumb_func
  24              		.type	main, %function
  25              	main:
  26              	.LFB64:
  27              		.file 1 "main.c"
   1:main.c        **** /* ========================================
   2:main.c        ****  *
   3:main.c        ****  * Copyright YOUR COMPANY, THE YEAR
   4:main.c        ****  * All Rights Reserved
   5:main.c        ****  * UNPUBLISHED, LICENSED SOFTWARE.
   6:main.c        ****  *
   7:main.c        ****  * CONFIDENTIAL AND PROPRIETARY INFORMATION
   8:main.c        ****  * WHICH IS THE PROPERTY OF your company.
   9:main.c        ****  *
  10:main.c        ****  * ========================================
  11:main.c        **** */
  12:main.c        **** //#include "project.h"
  13:main.c        **** //
  14:main.c        **** //int main(void)
  15:main.c        **** //{
  16:main.c        **** //    CyGlobalIntEnable; /* Enable global interrupts. */
  17:main.c        **** //
  18:main.c        **** //    /* Place your initialization/startup code here (e.g. MyInst_Start()) */
  19:main.c        **** //
  20:main.c        **** //    for(;;)
  21:main.c        **** //    {
  22:main.c        **** //        /* Place your application code here. */
  23:main.c        **** //    }
  24:main.c        **** //}
  25:main.c        **** 
  26:main.c        **** //#include "project.h"
  27:main.c        **** //#include "stdio.h"
  28:main.c        **** //
  29:main.c        **** //int main(void)
  30:main.c        **** //{
ARM GAS  C:\Users\KULDEE~1\AppData\Local\Temp\ccDM07Wa.s 			page 2


  31:main.c        **** //    CyGlobalIntEnable; /* Enable global interrupts. */
  32:main.c        **** //
  33:main.c        **** //    /* Start USBUART */
  34:main.c        **** //    USBUART_Start(0, USBUART_5V_OPERATION);
  35:main.c        **** //
  36:main.c        **** //    /* Place your initialization/startup code here (e.g. MyInst_Start()) */
  37:main.c        **** //
  38:main.c        **** //    for(;;)
  39:main.c        **** //    {
  40:main.c        **** //        /* Transmit data using two pins */
  41:main.c        **** //        uint8_t txData = 0xAB; // Example data to transmit
  42:main.c        **** //        Pin_1_Write((txData >> 0) & 0x01);
  43:main.c        **** //        Pin_2_Write((txData >> 1) & 0x01);
  44:main.c        **** //
  45:main.c        **** //        /* Check for USBUART data */
  46:main.c        **** //        if (USBUART_GetConfiguration()) {
  47:main.c        **** //            if (USBUART_DataIsReady()) {
  48:main.c        **** //                uint8_t rxData = USBUART_GetChar();
  49:main.c        **** //                /* Process received data */
  50:main.c        **** //                /* For example, you can echo back the received data */
  51:main.c        **** //                USBUART_PutChar(rxData);
  52:main.c        **** //            }
  53:main.c        **** //        }
  54:main.c        **** //
  55:main.c        **** //        /* Place your application code here. */
  56:main.c        **** //    }
  57:main.c        **** //}
  58:main.c        **** 
  59:main.c        **** //#include "project.h"
  60:main.c        **** //#include "stdio.h"
  61:main.c        **** //
  62:main.c        **** //int main(void)
  63:main.c        **** //{
  64:main.c        **** //    CyGlobalIntEnable; /* Enable global interrupts. */
  65:main.c        **** //
  66:main.c        **** //    /* Start USBUART */
  67:main.c        **** //    USBUART_Start(0, USBUART_5V_OPERATION);
  68:main.c        **** //
  69:main.c        **** //    /* Place your initialization/startup code here (e.g. MyInst_Start()) */
  70:main.c        **** //    USBUART_PutString("hellow");
  71:main.c        **** //    USBUART_PutChar('a');
  72:main.c        **** //    for(;;)
  73:main.c        **** //    {
  74:main.c        **** //        /* Check if Pin_1 is pressed */
  75:main.c        **** //        if (Pin_1_Read() == 0) {
  76:main.c        **** //            /* Transmit 5 */
  77:main.c        **** //            USBUART_PutChar(5);
  78:main.c        **** //            /* Delay to avoid repeated transmission due to button hold */
  79:main.c        **** //            CyDelay(100);
  80:main.c        **** //        }
  81:main.c        **** //
  82:main.c        **** //        /* Check if Pin_2 is pressed */
  83:main.c        **** //        if (Pin_2_Read() == 0) {
  84:main.c        **** //            /* Transmit 10 */
  85:main.c        **** //            USBUART_PutChar(10);
  86:main.c        **** //            /* Delay to avoid repeated transmission due to button hold */
  87:main.c        **** //            CyDelay(100);
ARM GAS  C:\Users\KULDEE~1\AppData\Local\Temp\ccDM07Wa.s 			page 3


  88:main.c        **** //        }
  89:main.c        **** //
  90:main.c        **** //        /* Check for USBUART data */
  91:main.c        **** //        if (USBUART_GetConfiguration()) {
  92:main.c        **** //            if (USBUART_DataIsReady()) {
  93:main.c        **** //                uint8_t rxData = USBUART_GetChar();
  94:main.c        **** //                /* Process received data */
  95:main.c        **** //                /* For example, you can echo back the received data */
  96:main.c        **** //                USBUART_PutChar(rxData);
  97:main.c        **** //            }
  98:main.c        **** //        }
  99:main.c        **** //
 100:main.c        **** //        /* Place your application code here. */
 101:main.c        **** //    }
 102:main.c        **** //}
 103:main.c        **** //
 104:main.c        **** 
 105:main.c        **** 
 106:main.c        **** //#include "project.h"
 107:main.c        **** //#include "stdio.h"
 108:main.c        **** //
 109:main.c        **** //int main(void)
 110:main.c        **** //{
 111:main.c        **** //    CyGlobalIntEnable; /* Enable global interrupts. */
 112:main.c        **** //
 113:main.c        **** //    /* Start USBUART */
 114:main.c        **** //    USBUART_Start(0, USBUART_5V_OPERATION);
 115:main.c        **** //   
 116:main.c        **** //
 117:main.c        **** //    /* Place your initialization/startup code here (e.g. MyInst_Start()) */
 118:main.c        **** //
 119:main.c        **** //    for(;;)
 120:main.c        **** //    {
 121:main.c        **** //        /* Send 'a' character continuously */
 122:main.c        **** //        while(USBUART_GetConfiguration()==0);
 123:main.c        **** //        if(Pin_1_Read()==1)
 124:main.c        **** //        {
 125:main.c        **** //            USBUART_PutString("Right\r\n");
 126:main.c        **** //            //USBUART_PutChar('a');
 127:main.c        **** //            //USBUART_PutChar('a');
 128:main.c        **** //        }
 129:main.c        **** //        else if(Pin_2_Read()==1)
 130:main.c        **** //        {
 131:main.c        **** //            USBUART_PutString("Left\r\n");
 132:main.c        **** //        }
 133:main.c        **** //
 134:main.c        **** //        /* Place your application code here. */
 135:main.c        **** //    }
 136:main.c        **** //}
 137:main.c        **** 
 138:main.c        **** 
 139:main.c        **** //#include "project.h"
 140:main.c        **** //
 141:main.c        **** //int main(void)
 142:main.c        **** //{
 143:main.c        **** //    CyGlobalIntEnable; /* Enable global interrupts. */
 144:main.c        **** //
ARM GAS  C:\Users\KULDEE~1\AppData\Local\Temp\ccDM07Wa.s 			page 4


 145:main.c        **** //    for(;;)
 146:main.c        **** //    {
 147:main.c        **** //        /* Check switch state */
 148:main.c        **** //        if(Pin_1_Read() == 1)
 149:main.c        **** //        {
 150:main.c        **** //            /* Turn on LED */
 151:main.c        **** //            led_Write(1);
 152:main.c        **** //           
 153:main.c        **** //        }
 154:main.c        **** //            /* Wait for 2 seconds */
 155:main.c        **** //                 
 156:main.c        **** //         else if(Pin_1_Read() == 1)
 157:main.c        **** //{/* Turn off LED */
 158:main.c        **** //            led_Write(0);
 159:main.c        **** //        }
 160:main.c        **** //    }
 161:main.c        **** //}
 162:main.c        **** 
 163:main.c        **** //#include "project.h"
 164:main.c        **** //#include "stdio.h"
 165:main.c        **** //
 166:main.c        **** //int main(void)
 167:main.c        **** //{
 168:main.c        **** //    CyGlobalIntEnable; /* Enable global interrupts. */
 169:main.c        **** //
 170:main.c        **** //    /* Start USBUART */
 171:main.c        **** //    USBUART_Start(0, USBUART_5V_OPERATION);
 172:main.c        **** //   
 173:main.c        **** //
 174:main.c        **** //    /* Place your initialization/startup code here (e.g. MyInst_Start()) */
 175:main.c        **** //
 176:main.c        **** //    for(;;)
 177:main.c        **** //    {
 178:main.c        **** //        CyDelay(100);
 179:main.c        **** //        /* Send 'a' character continuously */
 180:main.c        **** //        while(USBUART_GetConfiguration()==0);
 181:main.c        **** //        if(Pin_1_Read()==0)
 182:main.c        **** //        {
 183:main.c        **** ////            USBUART_PutString("left\r\n");
 184:main.c        **** //            USBUART_PutString("leftarrow\n");
 185:main.c        **** //            
 186:main.c        **** ////            USBUART_PutChar('l');
 187:main.c        **** ////            USBUART_PutChar('r');
 188:main.c        **** //        }
 189:main.c        **** //        if (Pin_2_Read()==0)
 190:main.c        **** //        {
 191:main.c        **** //            USBUART_PutString("rightarrow\n");
 192:main.c        **** ////            USBUART_PutChar('l');
 193:main.c        **** //            
 194:main.c        **** //        }
 195:main.c        **** //
 196:main.c        **** //        /* Place your application code here. */
 197:main.c        **** //    }
 198:main.c        **** //}
 199:main.c        **** #include "project.h"
 200:main.c        **** #include "stdio.h"
 201:main.c        **** 
ARM GAS  C:\Users\KULDEE~1\AppData\Local\Temp\ccDM07Wa.s 			page 5


 202:main.c        **** int main(void)
 203:main.c        **** {
  28              		.loc 1 203 0
  29              		.cfi_startproc
  30              		@ Volatile: function does not return.
  31              		@ args = 0, pretend = 0, frame = 0
  32              		@ frame_needed = 0, uses_anonymous_args = 0
  33 0000 08B5     		push	{r3, lr}
  34              		.cfi_def_cfa_offset 8
  35              		.cfi_offset 3, -8
  36              		.cfi_offset 14, -4
 204:main.c        ****     CyGlobalIntEnable; /* Enable global interrupts. */
  37              		.loc 1 204 0
  38              		.syntax unified
  39              	@ 204 "main.c" 1
  40 0002 62B6     		CPSIE   i
  41              	@ 0 "" 2
 205:main.c        **** 
 206:main.c        ****     /* Start USBUART */
 207:main.c        ****     USBUART_Start(0, USBUART_5V_OPERATION);
  42              		.loc 1 207 0
  43              		.thumb
  44              		.syntax unified
  45 0004 0121     		movs	r1, #1
  46 0006 0020     		movs	r0, #0
  47 0008 FFF7FEFF 		bl	USBUART_Start
  48              	.LVL0:
  49              	.L4:
 208:main.c        ****    
 209:main.c        **** 
 210:main.c        ****     /* Place your initialization/startup code here (e.g. MyInst_Start()) */
 211:main.c        **** 
 212:main.c        ****     for(;;)
 213:main.c        ****     {
 214:main.c        ****         CyDelay(100);
  50              		.loc 1 214 0
  51 000c 6420     		movs	r0, #100
  52 000e FFF7FEFF 		bl	CyDelay
  53              	.LVL1:
  54              	.L2:
 215:main.c        ****         /* Send 'a' character continuously */
 216:main.c        ****         while(USBUART_GetConfiguration()==0);
  55              		.loc 1 216 0 discriminator 1
  56 0012 FFF7FEFF 		bl	USBUART_GetConfiguration
  57              	.LVL2:
  58 0016 0028     		cmp	r0, #0
  59 0018 FBD0     		beq	.L2
 217:main.c        ****         if(Pin_1_Read()==0)
  60              		.loc 1 217 0
  61 001a FFF7FEFF 		bl	Pin_1_Read
  62              	.LVL3:
  63 001e 10B9     		cbnz	r0, .L3
 218:main.c        ****         {
 219:main.c        **** //            USBUART_PutString("left\r\n");
 220:main.c        ****             USBUART_PutString("right\n");
  64              		.loc 1 220 0
  65 0020 0548     		ldr	r0, .L7
ARM GAS  C:\Users\KULDEE~1\AppData\Local\Temp\ccDM07Wa.s 			page 6


  66 0022 FFF7FEFF 		bl	USBUART_PutString
  67              	.LVL4:
  68              	.L3:
 221:main.c        ****             
 222:main.c        **** //            USBUART_PutChar('l');
 223:main.c        **** //            USBUART_PutChar('r');
 224:main.c        ****         }
 225:main.c        ****         if (Pin_2_Read()==0)
  69              		.loc 1 225 0
  70 0026 FFF7FEFF 		bl	Pin_2_Read
  71              	.LVL5:
  72 002a 0028     		cmp	r0, #0
  73 002c EED1     		bne	.L4
 226:main.c        ****         {
 227:main.c        ****             USBUART_PutString("left\n");
  74              		.loc 1 227 0
  75 002e 0348     		ldr	r0, .L7+4
  76 0030 FFF7FEFF 		bl	USBUART_PutString
  77              	.LVL6:
  78 0034 EAE7     		b	.L4
  79              	.L8:
  80 0036 00BF     		.align	2
  81              	.L7:
  82 0038 00000000 		.word	.LC0
  83 003c 08000000 		.word	.LC1
  84              		.cfi_endproc
  85              	.LFE64:
  86              		.size	main, .-main
  87              		.section	.rodata.str1.4,"aMS",%progbits,1
  88              		.align	2
  89              	.LC0:
  90 0000 72696768 		.ascii	"right\012\000"
  90      740A00
  91 0007 00       		.space	1
  92              	.LC1:
  93 0008 6C656674 		.ascii	"left\012\000"
  93      0A00
  94              		.text
  95              	.Letext0:
  96              		.file 2 "c:\\program files (x86)\\cypress\\psoc creator\\4.4\\psoc creator\\import\\gnu\\arm\\5.4.
  97              		.file 3 "c:\\program files (x86)\\cypress\\psoc creator\\4.4\\psoc creator\\import\\gnu\\arm\\5.4.
  98              		.file 4 "Generated_Source\\PSoC5/USBUART.h"
  99              		.file 5 "Generated_Source\\PSoC5/CyLib.h"
 100              		.file 6 "Generated_Source\\PSoC5/Pin_1.h"
 101              		.file 7 "Generated_Source\\PSoC5/USBUART_cdc.h"
 102              		.file 8 "Generated_Source\\PSoC5/Pin_2.h"
 103              		.file 9 "Generated_Source\\PSoC5/core_cm3.h"
 104              		.section	.debug_info,"",%progbits
 105              	.Ldebug_info0:
 106 0000 81010000 		.4byte	0x181
 107 0004 0400     		.2byte	0x4
 108 0006 00000000 		.4byte	.Ldebug_abbrev0
 109 000a 04       		.byte	0x4
 110 000b 01       		.uleb128 0x1
 111 000c 3A000000 		.4byte	.LASF22
 112 0010 0C       		.byte	0xc
 113 0011 2E000000 		.4byte	.LASF23
ARM GAS  C:\Users\KULDEE~1\AppData\Local\Temp\ccDM07Wa.s 			page 7


 114 0015 9F010000 		.4byte	.LASF24
 115 0019 00000000 		.4byte	.Ldebug_ranges0+0
 116 001d 00000000 		.4byte	0
 117 0021 00000000 		.4byte	.Ldebug_line0
 118 0025 02       		.uleb128 0x2
 119 0026 01       		.byte	0x1
 120 0027 06       		.byte	0x6
 121 0028 54010000 		.4byte	.LASF0
 122 002c 02       		.uleb128 0x2
 123 002d 01       		.byte	0x1
 124 002e 08       		.byte	0x8
 125 002f 12010000 		.4byte	.LASF1
 126 0033 02       		.uleb128 0x2
 127 0034 02       		.byte	0x2
 128 0035 05       		.byte	0x5
 129 0036 95010000 		.4byte	.LASF2
 130 003a 02       		.uleb128 0x2
 131 003b 02       		.byte	0x2
 132 003c 07       		.byte	0x7
 133 003d 0E000000 		.4byte	.LASF3
 134 0041 03       		.uleb128 0x3
 135 0042 6C010000 		.4byte	.LASF9
 136 0046 02       		.byte	0x2
 137 0047 3F       		.byte	0x3f
 138 0048 4C000000 		.4byte	0x4c
 139 004c 02       		.uleb128 0x2
 140 004d 04       		.byte	0x4
 141 004e 05       		.byte	0x5
 142 004f 25010000 		.4byte	.LASF4
 143 0053 02       		.uleb128 0x2
 144 0054 04       		.byte	0x4
 145 0055 07       		.byte	0x7
 146 0056 D0000000 		.4byte	.LASF5
 147 005a 02       		.uleb128 0x2
 148 005b 08       		.byte	0x8
 149 005c 05       		.byte	0x5
 150 005d 00000000 		.4byte	.LASF6
 151 0061 02       		.uleb128 0x2
 152 0062 08       		.byte	0x8
 153 0063 07       		.byte	0x7
 154 0064 E2000000 		.4byte	.LASF7
 155 0068 04       		.uleb128 0x4
 156 0069 04       		.byte	0x4
 157 006a 05       		.byte	0x5
 158 006b 696E7400 		.ascii	"int\000"
 159 006f 02       		.uleb128 0x2
 160 0070 04       		.byte	0x4
 161 0071 07       		.byte	0x7
 162 0072 21000000 		.4byte	.LASF8
 163 0076 03       		.uleb128 0x3
 164 0077 F6010000 		.4byte	.LASF10
 165 007b 03       		.byte	0x3
 166 007c 2C       		.byte	0x2c
 167 007d 41000000 		.4byte	0x41
 168 0081 02       		.uleb128 0x2
 169 0082 04       		.byte	0x4
 170 0083 04       		.byte	0x4
ARM GAS  C:\Users\KULDEE~1\AppData\Local\Temp\ccDM07Wa.s 			page 8


 171 0084 76010000 		.4byte	.LASF11
 172 0088 02       		.uleb128 0x2
 173 0089 08       		.byte	0x8
 174 008a 04       		.byte	0x4
 175 008b 40010000 		.4byte	.LASF12
 176 008f 02       		.uleb128 0x2
 177 0090 01       		.byte	0x1
 178 0091 08       		.byte	0x8
 179 0092 20010000 		.4byte	.LASF13
 180 0096 02       		.uleb128 0x2
 181 0097 08       		.byte	0x8
 182 0098 04       		.byte	0x4
 183 0099 60010000 		.4byte	.LASF14
 184 009d 02       		.uleb128 0x2
 185 009e 04       		.byte	0x4
 186 009f 07       		.byte	0x7
 187 00a0 09020000 		.4byte	.LASF15
 188 00a4 05       		.uleb128 0x5
 189 00a5 35000000 		.4byte	.LASF25
 190 00a9 01       		.byte	0x1
 191 00aa CA       		.byte	0xca
 192 00ab 68000000 		.4byte	0x68
 193 00af 00000000 		.4byte	.LFB64
 194 00b3 40000000 		.4byte	.LFE64-.LFB64
 195 00b7 01       		.uleb128 0x1
 196 00b8 9C       		.byte	0x9c
 197 00b9 2F010000 		.4byte	0x12f
 198 00bd 06       		.uleb128 0x6
 199 00be 0C000000 		.4byte	.LVL0
 200 00c2 40010000 		.4byte	0x140
 201 00c6 D5000000 		.4byte	0xd5
 202 00ca 07       		.uleb128 0x7
 203 00cb 01       		.uleb128 0x1
 204 00cc 50       		.byte	0x50
 205 00cd 01       		.uleb128 0x1
 206 00ce 30       		.byte	0x30
 207 00cf 07       		.uleb128 0x7
 208 00d0 01       		.uleb128 0x1
 209 00d1 51       		.byte	0x51
 210 00d2 01       		.uleb128 0x1
 211 00d3 31       		.byte	0x31
 212 00d4 00       		.byte	0
 213 00d5 06       		.uleb128 0x6
 214 00d6 12000000 		.4byte	.LVL1
 215 00da 4C010000 		.4byte	0x14c
 216 00de E9000000 		.4byte	0xe9
 217 00e2 07       		.uleb128 0x7
 218 00e3 01       		.uleb128 0x1
 219 00e4 50       		.byte	0x50
 220 00e5 02       		.uleb128 0x2
 221 00e6 08       		.byte	0x8
 222 00e7 64       		.byte	0x64
 223 00e8 00       		.byte	0
 224 00e9 08       		.uleb128 0x8
 225 00ea 16000000 		.4byte	.LVL2
 226 00ee 57010000 		.4byte	0x157
 227 00f2 08       		.uleb128 0x8
ARM GAS  C:\Users\KULDEE~1\AppData\Local\Temp\ccDM07Wa.s 			page 9


 228 00f3 1E000000 		.4byte	.LVL3
 229 00f7 63010000 		.4byte	0x163
 230 00fb 06       		.uleb128 0x6
 231 00fc 26000000 		.4byte	.LVL4
 232 0100 6E010000 		.4byte	0x16e
 233 0104 12010000 		.4byte	0x112
 234 0108 07       		.uleb128 0x7
 235 0109 01       		.uleb128 0x1
 236 010a 50       		.byte	0x50
 237 010b 05       		.uleb128 0x5
 238 010c 03       		.byte	0x3
 239 010d 00000000 		.4byte	.LC0
 240 0111 00       		.byte	0
 241 0112 08       		.uleb128 0x8
 242 0113 2A000000 		.4byte	.LVL5
 243 0117 79010000 		.4byte	0x179
 244 011b 09       		.uleb128 0x9
 245 011c 34000000 		.4byte	.LVL6
 246 0120 6E010000 		.4byte	0x16e
 247 0124 07       		.uleb128 0x7
 248 0125 01       		.uleb128 0x1
 249 0126 50       		.byte	0x50
 250 0127 05       		.uleb128 0x5
 251 0128 03       		.byte	0x3
 252 0129 08000000 		.4byte	.LC1
 253 012d 00       		.byte	0
 254 012e 00       		.byte	0
 255 012f 0A       		.uleb128 0xa
 256 0130 47010000 		.4byte	.LASF26
 257 0134 09       		.byte	0x9
 258 0135 1207     		.2byte	0x712
 259 0137 3B010000 		.4byte	0x13b
 260 013b 0B       		.uleb128 0xb
 261 013c 76000000 		.4byte	0x76
 262 0140 0C       		.uleb128 0xc
 263 0141 F9000000 		.4byte	.LASF16
 264 0145 F9000000 		.4byte	.LASF16
 265 0149 04       		.byte	0x4
 266 014a 2A01     		.2byte	0x12a
 267 014c 0D       		.uleb128 0xd
 268 014d C8000000 		.4byte	.LASF17
 269 0151 C8000000 		.4byte	.LASF17
 270 0155 05       		.byte	0x5
 271 0156 76       		.byte	0x76
 272 0157 0C       		.uleb128 0xc
 273 0158 7C010000 		.4byte	.LASF18
 274 015c 7C010000 		.4byte	.LASF18
 275 0160 04       		.byte	0x4
 276 0161 2D01     		.2byte	0x12d
 277 0163 0D       		.uleb128 0xd
 278 0164 FE010000 		.4byte	.LASF19
 279 0168 FE010000 		.4byte	.LASF19
 280 016c 06       		.byte	0x6
 281 016d 29       		.byte	0x29
 282 016e 0D       		.uleb128 0xd
 283 016f 2E010000 		.4byte	.LASF20
 284 0173 2E010000 		.4byte	.LASF20
ARM GAS  C:\Users\KULDEE~1\AppData\Local\Temp\ccDM07Wa.s 			page 10


 285 0177 07       		.byte	0x7
 286 0178 24       		.byte	0x24
 287 0179 0D       		.uleb128 0xd
 288 017a 07010000 		.4byte	.LASF21
 289 017e 07010000 		.4byte	.LASF21
 290 0182 08       		.byte	0x8
 291 0183 29       		.byte	0x29
 292 0184 00       		.byte	0
 293              		.section	.debug_abbrev,"",%progbits
 294              	.Ldebug_abbrev0:
 295 0000 01       		.uleb128 0x1
 296 0001 11       		.uleb128 0x11
 297 0002 01       		.byte	0x1
 298 0003 25       		.uleb128 0x25
 299 0004 0E       		.uleb128 0xe
 300 0005 13       		.uleb128 0x13
 301 0006 0B       		.uleb128 0xb
 302 0007 03       		.uleb128 0x3
 303 0008 0E       		.uleb128 0xe
 304 0009 1B       		.uleb128 0x1b
 305 000a 0E       		.uleb128 0xe
 306 000b 55       		.uleb128 0x55
 307 000c 17       		.uleb128 0x17
 308 000d 11       		.uleb128 0x11
 309 000e 01       		.uleb128 0x1
 310 000f 10       		.uleb128 0x10
 311 0010 17       		.uleb128 0x17
 312 0011 00       		.byte	0
 313 0012 00       		.byte	0
 314 0013 02       		.uleb128 0x2
 315 0014 24       		.uleb128 0x24
 316 0015 00       		.byte	0
 317 0016 0B       		.uleb128 0xb
 318 0017 0B       		.uleb128 0xb
 319 0018 3E       		.uleb128 0x3e
 320 0019 0B       		.uleb128 0xb
 321 001a 03       		.uleb128 0x3
 322 001b 0E       		.uleb128 0xe
 323 001c 00       		.byte	0
 324 001d 00       		.byte	0
 325 001e 03       		.uleb128 0x3
 326 001f 16       		.uleb128 0x16
 327 0020 00       		.byte	0
 328 0021 03       		.uleb128 0x3
 329 0022 0E       		.uleb128 0xe
 330 0023 3A       		.uleb128 0x3a
 331 0024 0B       		.uleb128 0xb
 332 0025 3B       		.uleb128 0x3b
 333 0026 0B       		.uleb128 0xb
 334 0027 49       		.uleb128 0x49
 335 0028 13       		.uleb128 0x13
 336 0029 00       		.byte	0
 337 002a 00       		.byte	0
 338 002b 04       		.uleb128 0x4
 339 002c 24       		.uleb128 0x24
 340 002d 00       		.byte	0
 341 002e 0B       		.uleb128 0xb
ARM GAS  C:\Users\KULDEE~1\AppData\Local\Temp\ccDM07Wa.s 			page 11


 342 002f 0B       		.uleb128 0xb
 343 0030 3E       		.uleb128 0x3e
 344 0031 0B       		.uleb128 0xb
 345 0032 03       		.uleb128 0x3
 346 0033 08       		.uleb128 0x8
 347 0034 00       		.byte	0
 348 0035 00       		.byte	0
 349 0036 05       		.uleb128 0x5
 350 0037 2E       		.uleb128 0x2e
 351 0038 01       		.byte	0x1
 352 0039 3F       		.uleb128 0x3f
 353 003a 19       		.uleb128 0x19
 354 003b 03       		.uleb128 0x3
 355 003c 0E       		.uleb128 0xe
 356 003d 3A       		.uleb128 0x3a
 357 003e 0B       		.uleb128 0xb
 358 003f 3B       		.uleb128 0x3b
 359 0040 0B       		.uleb128 0xb
 360 0041 27       		.uleb128 0x27
 361 0042 19       		.uleb128 0x19
 362 0043 49       		.uleb128 0x49
 363 0044 13       		.uleb128 0x13
 364 0045 8701     		.uleb128 0x87
 365 0047 19       		.uleb128 0x19
 366 0048 11       		.uleb128 0x11
 367 0049 01       		.uleb128 0x1
 368 004a 12       		.uleb128 0x12
 369 004b 06       		.uleb128 0x6
 370 004c 40       		.uleb128 0x40
 371 004d 18       		.uleb128 0x18
 372 004e 9742     		.uleb128 0x2117
 373 0050 19       		.uleb128 0x19
 374 0051 01       		.uleb128 0x1
 375 0052 13       		.uleb128 0x13
 376 0053 00       		.byte	0
 377 0054 00       		.byte	0
 378 0055 06       		.uleb128 0x6
 379 0056 898201   		.uleb128 0x4109
 380 0059 01       		.byte	0x1
 381 005a 11       		.uleb128 0x11
 382 005b 01       		.uleb128 0x1
 383 005c 31       		.uleb128 0x31
 384 005d 13       		.uleb128 0x13
 385 005e 01       		.uleb128 0x1
 386 005f 13       		.uleb128 0x13
 387 0060 00       		.byte	0
 388 0061 00       		.byte	0
 389 0062 07       		.uleb128 0x7
 390 0063 8A8201   		.uleb128 0x410a
 391 0066 00       		.byte	0
 392 0067 02       		.uleb128 0x2
 393 0068 18       		.uleb128 0x18
 394 0069 9142     		.uleb128 0x2111
 395 006b 18       		.uleb128 0x18
 396 006c 00       		.byte	0
 397 006d 00       		.byte	0
 398 006e 08       		.uleb128 0x8
ARM GAS  C:\Users\KULDEE~1\AppData\Local\Temp\ccDM07Wa.s 			page 12


 399 006f 898201   		.uleb128 0x4109
 400 0072 00       		.byte	0
 401 0073 11       		.uleb128 0x11
 402 0074 01       		.uleb128 0x1
 403 0075 31       		.uleb128 0x31
 404 0076 13       		.uleb128 0x13
 405 0077 00       		.byte	0
 406 0078 00       		.byte	0
 407 0079 09       		.uleb128 0x9
 408 007a 898201   		.uleb128 0x4109
 409 007d 01       		.byte	0x1
 410 007e 11       		.uleb128 0x11
 411 007f 01       		.uleb128 0x1
 412 0080 31       		.uleb128 0x31
 413 0081 13       		.uleb128 0x13
 414 0082 00       		.byte	0
 415 0083 00       		.byte	0
 416 0084 0A       		.uleb128 0xa
 417 0085 34       		.uleb128 0x34
 418 0086 00       		.byte	0
 419 0087 03       		.uleb128 0x3
 420 0088 0E       		.uleb128 0xe
 421 0089 3A       		.uleb128 0x3a
 422 008a 0B       		.uleb128 0xb
 423 008b 3B       		.uleb128 0x3b
 424 008c 05       		.uleb128 0x5
 425 008d 49       		.uleb128 0x49
 426 008e 13       		.uleb128 0x13
 427 008f 3F       		.uleb128 0x3f
 428 0090 19       		.uleb128 0x19
 429 0091 3C       		.uleb128 0x3c
 430 0092 19       		.uleb128 0x19
 431 0093 00       		.byte	0
 432 0094 00       		.byte	0
 433 0095 0B       		.uleb128 0xb
 434 0096 35       		.uleb128 0x35
 435 0097 00       		.byte	0
 436 0098 49       		.uleb128 0x49
 437 0099 13       		.uleb128 0x13
 438 009a 00       		.byte	0
 439 009b 00       		.byte	0
 440 009c 0C       		.uleb128 0xc
 441 009d 2E       		.uleb128 0x2e
 442 009e 00       		.byte	0
 443 009f 3F       		.uleb128 0x3f
 444 00a0 19       		.uleb128 0x19
 445 00a1 3C       		.uleb128 0x3c
 446 00a2 19       		.uleb128 0x19
 447 00a3 6E       		.uleb128 0x6e
 448 00a4 0E       		.uleb128 0xe
 449 00a5 03       		.uleb128 0x3
 450 00a6 0E       		.uleb128 0xe
 451 00a7 3A       		.uleb128 0x3a
 452 00a8 0B       		.uleb128 0xb
 453 00a9 3B       		.uleb128 0x3b
 454 00aa 05       		.uleb128 0x5
 455 00ab 00       		.byte	0
ARM GAS  C:\Users\KULDEE~1\AppData\Local\Temp\ccDM07Wa.s 			page 13


 456 00ac 00       		.byte	0
 457 00ad 0D       		.uleb128 0xd
 458 00ae 2E       		.uleb128 0x2e
 459 00af 00       		.byte	0
 460 00b0 3F       		.uleb128 0x3f
 461 00b1 19       		.uleb128 0x19
 462 00b2 3C       		.uleb128 0x3c
 463 00b3 19       		.uleb128 0x19
 464 00b4 6E       		.uleb128 0x6e
 465 00b5 0E       		.uleb128 0xe
 466 00b6 03       		.uleb128 0x3
 467 00b7 0E       		.uleb128 0xe
 468 00b8 3A       		.uleb128 0x3a
 469 00b9 0B       		.uleb128 0xb
 470 00ba 3B       		.uleb128 0x3b
 471 00bb 0B       		.uleb128 0xb
 472 00bc 00       		.byte	0
 473 00bd 00       		.byte	0
 474 00be 00       		.byte	0
 475              		.section	.debug_aranges,"",%progbits
 476 0000 1C000000 		.4byte	0x1c
 477 0004 0200     		.2byte	0x2
 478 0006 00000000 		.4byte	.Ldebug_info0
 479 000a 04       		.byte	0x4
 480 000b 00       		.byte	0
 481 000c 0000     		.2byte	0
 482 000e 0000     		.2byte	0
 483 0010 00000000 		.4byte	.LFB64
 484 0014 40000000 		.4byte	.LFE64-.LFB64
 485 0018 00000000 		.4byte	0
 486 001c 00000000 		.4byte	0
 487              		.section	.debug_ranges,"",%progbits
 488              	.Ldebug_ranges0:
 489 0000 00000000 		.4byte	.LFB64
 490 0004 40000000 		.4byte	.LFE64
 491 0008 00000000 		.4byte	0
 492 000c 00000000 		.4byte	0
 493              		.section	.debug_line,"",%progbits
 494              	.Ldebug_line0:
 495 0000 A0010000 		.section	.debug_str,"MS",%progbits,1
 495      02007E01 
 495      00000201 
 495      FB0E0D00 
 495      01010101 
 496              	.LASF6:
 497 0000 6C6F6E67 		.ascii	"long long int\000"
 497      206C6F6E 
 497      6720696E 
 497      7400
 498              	.LASF3:
 499 000e 73686F72 		.ascii	"short unsigned int\000"
 499      7420756E 
 499      7369676E 
 499      65642069 
 499      6E7400
 500              	.LASF8:
 501 0021 756E7369 		.ascii	"unsigned int\000"
ARM GAS  C:\Users\KULDEE~1\AppData\Local\Temp\ccDM07Wa.s 			page 14


 501      676E6564 
 501      20696E74 
 501      00
 502              	.LASF23:
 503 002e 6D61696E 		.ascii	"main.c\000"
 503      2E6300
 504              	.LASF25:
 505 0035 6D61696E 		.ascii	"main\000"
 505      00
 506              	.LASF22:
 507 003a 474E5520 		.ascii	"GNU C11 5.4.1 20160609 (release) [ARM/embedded-5-br"
 507      43313120 
 507      352E342E 
 507      31203230 
 507      31363036 
 508 006d 616E6368 		.ascii	"anch revision 237715] -mcpu=cortex-m3 -mthumb -g -O"
 508      20726576 
 508      6973696F 
 508      6E203233 
 508      37373135 
 509 00a0 67202D66 		.ascii	"g -ffunction-sections -ffat-lto-objects\000"
 509      66756E63 
 509      74696F6E 
 509      2D736563 
 509      74696F6E 
 510              	.LASF17:
 511 00c8 43794465 		.ascii	"CyDelay\000"
 511      6C617900 
 512              	.LASF5:
 513 00d0 6C6F6E67 		.ascii	"long unsigned int\000"
 513      20756E73 
 513      69676E65 
 513      6420696E 
 513      7400
 514              	.LASF7:
 515 00e2 6C6F6E67 		.ascii	"long long unsigned int\000"
 515      206C6F6E 
 515      6720756E 
 515      7369676E 
 515      65642069 
 516              	.LASF16:
 517 00f9 55534255 		.ascii	"USBUART_Start\000"
 517      4152545F 
 517      53746172 
 517      7400
 518              	.LASF21:
 519 0107 50696E5F 		.ascii	"Pin_2_Read\000"
 519      325F5265 
 519      616400
 520              	.LASF1:
 521 0112 756E7369 		.ascii	"unsigned char\000"
 521      676E6564 
 521      20636861 
 521      7200
 522              	.LASF13:
 523 0120 63686172 		.ascii	"char\000"
 523      00
ARM GAS  C:\Users\KULDEE~1\AppData\Local\Temp\ccDM07Wa.s 			page 15


 524              	.LASF4:
 525 0125 6C6F6E67 		.ascii	"long int\000"
 525      20696E74 
 525      00
 526              	.LASF20:
 527 012e 55534255 		.ascii	"USBUART_PutString\000"
 527      4152545F 
 527      50757453 
 527      7472696E 
 527      6700
 528              	.LASF12:
 529 0140 646F7562 		.ascii	"double\000"
 529      6C6500
 530              	.LASF26:
 531 0147 49544D5F 		.ascii	"ITM_RxBuffer\000"
 531      52784275 
 531      66666572 
 531      00
 532              	.LASF0:
 533 0154 7369676E 		.ascii	"signed char\000"
 533      65642063 
 533      68617200 
 534              	.LASF14:
 535 0160 6C6F6E67 		.ascii	"long double\000"
 535      20646F75 
 535      626C6500 
 536              	.LASF9:
 537 016c 5F5F696E 		.ascii	"__int32_t\000"
 537      7433325F 
 537      7400
 538              	.LASF11:
 539 0176 666C6F61 		.ascii	"float\000"
 539      7400
 540              	.LASF18:
 541 017c 55534255 		.ascii	"USBUART_GetConfiguration\000"
 541      4152545F 
 541      47657443 
 541      6F6E6669 
 541      67757261 
 542              	.LASF2:
 543 0195 73686F72 		.ascii	"short int\000"
 543      7420696E 
 543      7400
 544              	.LASF24:
 545 019f 433A5C55 		.ascii	"C:\\Users\\kuldeep singh solank\\Documents\\PSoC Cr"
 545      73657273 
 545      5C6B756C 
 545      64656570 
 545      2073696E 
 546 01ce 6561746F 		.ascii	"eator\\snake_game\\project_embedded.cydsn\000"
 546      725C736E 
 546      616B655F 
 546      67616D65 
 546      5C70726F 
 547              	.LASF10:
 548 01f6 696E7433 		.ascii	"int32_t\000"
 548      325F7400 
ARM GAS  C:\Users\KULDEE~1\AppData\Local\Temp\ccDM07Wa.s 			page 16


 549              	.LASF19:
 550 01fe 50696E5F 		.ascii	"Pin_1_Read\000"
 550      315F5265 
 550      616400
 551              	.LASF15:
 552 0209 73697A65 		.ascii	"sizetype\000"
 552      74797065 
 552      00
 553              		.ident	"GCC: (GNU Tools for ARM Embedded Processors) 5.4.1 20160609 (release) [ARM/embedded-5-bran
